This is pdfTeX, Version 3.14159265-2.6-1.40.18 (MiKTeX 2.9.6350 64-bit) (preloaded format=pdflatex 2017.8.25)  9 NOV 2017 16:32
entering extended mode
**./sp2rc-seminar-slides.tex
(sp2rc-seminar-slides.tex
LaTeX2e <2017-04-15>
Babel <3.10> and hyphenation patterns for 75 language(s) loaded.
(C:\Users\Matt\AppData\Roaming\MiKTeX\2.9\tex\latex\beamer\beamer.cls
Document Class: beamer 2017/07/13 v3.42 A class for typesetting presentations
(C:\Users\Matt\AppData\Roaming\MiKTeX\2.9\tex\latex\beamer\beamerbasemodes.sty
(C:\Users\Matt\AppData\Roaming\MiKTeX\2.9\tex\latex\etoolbox\etoolbox.sty
Package: etoolbox 2017/01/02 v2.4 e-TeX tools for LaTeX (JAW)
\etb@tempcnta=\count79
)
\beamer@tempbox=\box26
\beamer@tempcount=\count80
\c@beamerpauses=\count81

(C:\Users\Matt\AppData\Roaming\MiKTeX\2.9\tex\latex\beamer\beamerbasedecode.sty
\beamer@slideinframe=\count82
\beamer@minimum=\count83
)
\beamer@commentbox=\box27
\beamer@modecount=\count84
) ("C:\Program Files\MiKTeX 2.9\tex\generic\oberdiek\ifpdf.sty"
Package: ifpdf 2017/03/15 v3.2 Provides the ifpdf switch
)
\headdp=\dimen102
\footheight=\dimen103
\sidebarheight=\dimen104
\beamer@tempdim=\dimen105
\beamer@finalheight=\dimen106
\beamer@animht=\dimen107
\beamer@animdp=\dimen108
\beamer@animwd=\dimen109
\beamer@leftmargin=\dimen110
\beamer@rightmargin=\dimen111
\beamer@leftsidebar=\dimen112
\beamer@rightsidebar=\dimen113
\beamer@boxsize=\dimen114
\beamer@vboxoffset=\dimen115
\beamer@descdefault=\dimen116
\beamer@descriptionwidth=\dimen117
\beamer@lastskip=\skip41
\beamer@areabox=\box28
\beamer@animcurrent=\box29
\beamer@animshowbox=\box30
\beamer@sectionbox=\box31
\beamer@logobox=\box32
\beamer@linebox=\box33
\beamer@sectioncount=\count85
\beamer@subsubsectionmax=\count86
\beamer@subsectionmax=\count87
\beamer@sectionmax=\count88
\beamer@totalheads=\count89
\beamer@headcounter=\count90
\beamer@partstartpage=\count91
\beamer@sectionstartpage=\count92
\beamer@subsectionstartpage=\count93
\beamer@animationtempa=\count94
\beamer@animationtempb=\count95
\beamer@xpos=\count96
\beamer@ypos=\count97
\beamer@showpartnumber=\count98
\beamer@currentsubsection=\count99
\beamer@coveringdepth=\count100
\beamer@sectionadjust=\count101
\beamer@tocsectionnumber=\count102

(C:\Users\Matt\AppData\Roaming\MiKTeX\2.9\tex\latex\beamer\beamerbaseoptions.st
y ("C:\Program Files\MiKTeX 2.9\tex\latex\graphics\keyval.sty"
Package: keyval 2014/10/28 v1.15 key=value parser (DPC)
\KV@toks@=\toks14
))
\beamer@paperwidth=\skip42
\beamer@paperheight=\skip43

("C:\Program Files\MiKTeX 2.9\tex\latex\geometry\geometry.sty"
Package: geometry 2010/09/12 v5.6 Page Geometry

("C:\Program Files\MiKTeX 2.9\tex\generic\oberdiek\ifvtex.sty"
Package: ifvtex 2016/05/16 v1.6 Detect VTeX and its facilities (HO)
Package ifvtex Info: VTeX not detected.
)
("C:\Program Files\MiKTeX 2.9\tex\generic\ifxetex\ifxetex.sty"
Package: ifxetex 2010/09/12 v0.6 Provides ifxetex conditional
)
\Gm@cnth=\count103
\Gm@cntv=\count104
\c@Gm@tempcnt=\count105
\Gm@bindingoffset=\dimen118
\Gm@wd@mp=\dimen119
\Gm@odd@mp=\dimen120
\Gm@even@mp=\dimen121
\Gm@layoutwidth=\dimen122
\Gm@layoutheight=\dimen123
\Gm@layouthoffset=\dimen124
\Gm@layoutvoffset=\dimen125
\Gm@dimlist=\toks15

("C:\Program Files\MiKTeX 2.9\tex\latex\geometry\geometry.cfg"))
("C:\Program Files\MiKTeX 2.9\tex\latex\base\size11.clo"
File: size11.clo 2014/09/29 v1.4h Standard LaTeX file (size option)
)
(C:\Users\Matt\AppData\Roaming\MiKTeX\2.9\tex\latex\pgf\basiclayer\pgfcore.sty
("C:\Program Files\MiKTeX 2.9\tex\latex\graphics\graphicx.sty"
Package: graphicx 2014/10/28 v1.0g Enhanced LaTeX Graphics (DPC,SPQR)

("C:\Program Files\MiKTeX 2.9\tex\latex\graphics\graphics.sty"
Package: graphics 2017/04/14 v1.1b Standard LaTeX Graphics (DPC,SPQR)

("C:\Program Files\MiKTeX 2.9\tex\latex\graphics\trig.sty"
Package: trig 2016/01/03 v1.10 sin cos tan (DPC)
)
("C:\Program Files\MiKTeX 2.9\tex\latex\graphics-cfg\graphics.cfg"
File: graphics.cfg 2016/06/04 v1.11 sample graphics configuration
)
Package graphics Info: Driver file: pdftex.def on input line 99.

("C:\Program Files\MiKTeX 2.9\tex\latex\graphics-def\pdftex.def"
File: pdftex.def 2017/01/12 v0.06k Graphics/color for pdfTeX

("C:\Program Files\MiKTeX 2.9\tex\generic\oberdiek\infwarerr.sty"
Package: infwarerr 2016/05/16 v1.4 Providing info/warning/error messages (HO)
)
("C:\Program Files\MiKTeX 2.9\tex\generic\oberdiek\ltxcmds.sty"
Package: ltxcmds 2016/05/16 v1.23 LaTeX kernel commands for general use (HO)
)
\Gread@gobject=\count106
))
\Gin@req@height=\dimen126
\Gin@req@width=\dimen127
)
(C:\Users\Matt\AppData\Roaming\MiKTeX\2.9\tex\latex\pgf\systemlayer\pgfsys.sty
(C:\Users\Matt\AppData\Roaming\MiKTeX\2.9\tex\latex\pgf\utilities\pgfrcs.sty
(C:\Users\Matt\AppData\Roaming\MiKTeX\2.9\tex\generic\pgf\utilities\pgfutil-com
mon.tex
\pgfutil@everybye=\toks16
\pgfutil@tempdima=\dimen128
\pgfutil@tempdimb=\dimen129

(C:\Users\Matt\AppData\Roaming\MiKTeX\2.9\tex\generic\pgf\utilities\pgfutil-com
mon-lists.tex))
(C:\Users\Matt\AppData\Roaming\MiKTeX\2.9\tex\generic\pgf\utilities\pgfutil-lat
ex.def
\pgfutil@abb=\box34
 (C:\Users\Matt\AppData\Roaming\MiKTeX\2.9\tex\latex\ms\everyshi.sty
Package: everyshi 2001/05/15 v3.00 EveryShipout Package (MS)
))
(C:\Users\Matt\AppData\Roaming\MiKTeX\2.9\tex\generic\pgf\utilities\pgfrcs.code
.tex
Package: pgfrcs 2015/08/07 v3.0.1a (rcs-revision 1.31)
))
(C:\Users\Matt\AppData\Roaming\MiKTeX\2.9\tex\generic\pgf\systemlayer\pgfsys.co
de.tex
Package: pgfsys 2014/07/09 v3.0.1a (rcs-revision 1.48)

(C:\Users\Matt\AppData\Roaming\MiKTeX\2.9\tex\generic\pgf\utilities\pgfkeys.cod
e.tex
\pgfkeys@pathtoks=\toks17
\pgfkeys@temptoks=\toks18

(C:\Users\Matt\AppData\Roaming\MiKTeX\2.9\tex\generic\pgf\utilities\pgfkeysfilt
ered.code.tex
\pgfkeys@tmptoks=\toks19
))
\pgf@x=\dimen130
\pgf@y=\dimen131
\pgf@xa=\dimen132
\pgf@ya=\dimen133
\pgf@xb=\dimen134
\pgf@yb=\dimen135
\pgf@xc=\dimen136
\pgf@yc=\dimen137
\w@pgf@writea=\write3
\r@pgf@reada=\read1
\c@pgf@counta=\count107
\c@pgf@countb=\count108
\c@pgf@countc=\count109
\c@pgf@countd=\count110
\t@pgf@toka=\toks20
\t@pgf@tokb=\toks21
\t@pgf@tokc=\toks22

(C:\Users\Matt\AppData\Roaming\MiKTeX\2.9\tex\generic\pgf\systemlayer\pgf.cfg
File: pgf.cfg 2008/05/14  (rcs-revision 1.7)
)
Driver file for pgf: pgfsys-pdftex.def

(C:\Users\Matt\AppData\Roaming\MiKTeX\2.9\tex\generic\pgf\systemlayer\pgfsys-pd
ftex.def
File: pgfsys-pdftex.def 2014/10/11  (rcs-revision 1.35)

(C:\Users\Matt\AppData\Roaming\MiKTeX\2.9\tex\generic\pgf\systemlayer\pgfsys-co
mmon-pdf.def
File: pgfsys-common-pdf.def 2013/10/10  (rcs-revision 1.13)
)))
(C:\Users\Matt\AppData\Roaming\MiKTeX\2.9\tex\generic\pgf\systemlayer\pgfsyssof
tpath.code.tex
File: pgfsyssoftpath.code.tex 2013/09/09  (rcs-revision 1.9)
\pgfsyssoftpath@smallbuffer@items=\count111
\pgfsyssoftpath@bigbuffer@items=\count112
)
(C:\Users\Matt\AppData\Roaming\MiKTeX\2.9\tex\generic\pgf\systemlayer\pgfsyspro
tocol.code.tex
File: pgfsysprotocol.code.tex 2006/10/16  (rcs-revision 1.4)
))
(C:\Users\Matt\AppData\Roaming\MiKTeX\2.9\tex\latex\xcolor\xcolor.sty
Package: xcolor 2016/05/11 v2.12 LaTeX color extensions (UK)

("C:\Program Files\MiKTeX 2.9\tex\latex\graphics-cfg\color.cfg"
File: color.cfg 2016/01/02 v1.6 sample color configuration
)
Package xcolor Info: Driver file: pdftex.def on input line 225.

(C:\Users\Matt\AppData\Roaming\MiKTeX\2.9\tex\latex\colortbl\colortbl.sty
Package: colortbl 2012/02/13 v1.0a Color table columns (DPC)

("C:\Program Files\MiKTeX 2.9\tex\latex\tools\array.sty"
Package: array 2016/10/06 v2.4d Tabular extension package (FMi)
\col@sep=\dimen138
\extrarowheight=\dimen139
\NC@list=\toks23
\extratabsurround=\skip44
\backup@length=\skip45
)
\everycr=\toks24
\minrowclearance=\skip46
)
\rownum=\count113
Package xcolor Info: Model `cmy' substituted by `cmy0' on input line 1348.
Package xcolor Info: Model `hsb' substituted by `rgb' on input line 1352.
Package xcolor Info: Model `RGB' extended on input line 1364.
Package xcolor Info: Model `HTML' substituted by `rgb' on input line 1366.
Package xcolor Info: Model `Hsb' substituted by `hsb' on input line 1367.
Package xcolor Info: Model `tHsb' substituted by `hsb' on input line 1368.
Package xcolor Info: Model `HSB' substituted by `hsb' on input line 1369.
Package xcolor Info: Model `Gray' substituted by `gray' on input line 1370.
Package xcolor Info: Model `wave' substituted by `hsb' on input line 1371.
)
(C:\Users\Matt\AppData\Roaming\MiKTeX\2.9\tex\generic\pgf\basiclayer\pgfcore.co
de.tex
Package: pgfcore 2010/04/11 v3.0.1a (rcs-revision 1.7)

(C:\Users\Matt\AppData\Roaming\MiKTeX\2.9\tex\generic\pgf\math\pgfmath.code.tex

(C:\Users\Matt\AppData\Roaming\MiKTeX\2.9\tex\generic\pgf\math\pgfmathcalc.code
.tex
(C:\Users\Matt\AppData\Roaming\MiKTeX\2.9\tex\generic\pgf\math\pgfmathutil.code
.tex)
(C:\Users\Matt\AppData\Roaming\MiKTeX\2.9\tex\generic\pgf\math\pgfmathparser.co
de.tex
\pgfmath@dimen=\dimen140
\pgfmath@count=\count114
\pgfmath@box=\box35
\pgfmath@toks=\toks25
\pgfmath@stack@operand=\toks26
\pgfmath@stack@operation=\toks27
)
(C:\Users\Matt\AppData\Roaming\MiKTeX\2.9\tex\generic\pgf\math\pgfmathfunctions
.code.tex
(C:\Users\Matt\AppData\Roaming\MiKTeX\2.9\tex\generic\pgf\math\pgfmathfunctions
.basic.code.tex)
(C:\Users\Matt\AppData\Roaming\MiKTeX\2.9\tex\generic\pgf\math\pgfmathfunctions
.trigonometric.code.tex)
(C:\Users\Matt\AppData\Roaming\MiKTeX\2.9\tex\generic\pgf\math\pgfmathfunctions
.random.code.tex)
(C:\Users\Matt\AppData\Roaming\MiKTeX\2.9\tex\generic\pgf\math\pgfmathfunctions
.comparison.code.tex)
(C:\Users\Matt\AppData\Roaming\MiKTeX\2.9\tex\generic\pgf\math\pgfmathfunctions
.base.code.tex)
(C:\Users\Matt\AppData\Roaming\MiKTeX\2.9\tex\generic\pgf\math\pgfmathfunctions
.round.code.tex)
(C:\Users\Matt\AppData\Roaming\MiKTeX\2.9\tex\generic\pgf\math\pgfmathfunctions
.misc.code.tex)
(C:\Users\Matt\AppData\Roaming\MiKTeX\2.9\tex\generic\pgf\math\pgfmathfunctions
.integerarithmetics.code.tex)))
(C:\Users\Matt\AppData\Roaming\MiKTeX\2.9\tex\generic\pgf\math\pgfmathfloat.cod
e.tex
\c@pgfmathroundto@lastzeros=\count115
))
(C:\Users\Matt\AppData\Roaming\MiKTeX\2.9\tex\generic\pgf\basiclayer\pgfcorepoi
nts.code.tex
File: pgfcorepoints.code.tex 2013/10/07  (rcs-revision 1.27)
\pgf@picminx=\dimen141
\pgf@picmaxx=\dimen142
\pgf@picminy=\dimen143
\pgf@picmaxy=\dimen144
\pgf@pathminx=\dimen145
\pgf@pathmaxx=\dimen146
\pgf@pathminy=\dimen147
\pgf@pathmaxy=\dimen148
\pgf@xx=\dimen149
\pgf@xy=\dimen150
\pgf@yx=\dimen151
\pgf@yy=\dimen152
\pgf@zx=\dimen153
\pgf@zy=\dimen154
)
(C:\Users\Matt\AppData\Roaming\MiKTeX\2.9\tex\generic\pgf\basiclayer\pgfcorepat
hconstruct.code.tex
File: pgfcorepathconstruct.code.tex 2013/10/07  (rcs-revision 1.29)
\pgf@path@lastx=\dimen155
\pgf@path@lasty=\dimen156
)
(C:\Users\Matt\AppData\Roaming\MiKTeX\2.9\tex\generic\pgf\basiclayer\pgfcorepat
husage.code.tex
File: pgfcorepathusage.code.tex 2014/11/02  (rcs-revision 1.24)
\pgf@shorten@end@additional=\dimen157
\pgf@shorten@start@additional=\dimen158
)
(C:\Users\Matt\AppData\Roaming\MiKTeX\2.9\tex\generic\pgf\basiclayer\pgfcoresco
pes.code.tex
File: pgfcorescopes.code.tex 2015/05/08  (rcs-revision 1.46)
\pgfpic=\box36
\pgf@hbox=\box37
\pgf@layerbox@main=\box38
\pgf@picture@serial@count=\count116
)
(C:\Users\Matt\AppData\Roaming\MiKTeX\2.9\tex\generic\pgf\basiclayer\pgfcoregra
phicstate.code.tex
File: pgfcoregraphicstate.code.tex 2014/11/02  (rcs-revision 1.12)
\pgflinewidth=\dimen159
)
(C:\Users\Matt\AppData\Roaming\MiKTeX\2.9\tex\generic\pgf\basiclayer\pgfcoretra
nsformations.code.tex
File: pgfcoretransformations.code.tex 2015/08/07  (rcs-revision 1.20)
\pgf@pt@x=\dimen160
\pgf@pt@y=\dimen161
\pgf@pt@temp=\dimen162
)
(C:\Users\Matt\AppData\Roaming\MiKTeX\2.9\tex\generic\pgf\basiclayer\pgfcorequi
ck.code.tex
File: pgfcorequick.code.tex 2008/10/09  (rcs-revision 1.3)
)
(C:\Users\Matt\AppData\Roaming\MiKTeX\2.9\tex\generic\pgf\basiclayer\pgfcoreobj
ects.code.tex
File: pgfcoreobjects.code.tex 2006/10/11  (rcs-revision 1.2)
)
(C:\Users\Matt\AppData\Roaming\MiKTeX\2.9\tex\generic\pgf\basiclayer\pgfcorepat
hprocessing.code.tex
File: pgfcorepathprocessing.code.tex 2013/09/09  (rcs-revision 1.9)
)
(C:\Users\Matt\AppData\Roaming\MiKTeX\2.9\tex\generic\pgf\basiclayer\pgfcorearr
ows.code.tex
File: pgfcorearrows.code.tex 2015/05/14  (rcs-revision 1.43)
\pgfarrowsep=\dimen163
)
(C:\Users\Matt\AppData\Roaming\MiKTeX\2.9\tex\generic\pgf\basiclayer\pgfcoresha
de.code.tex
File: pgfcoreshade.code.tex 2013/07/15  (rcs-revision 1.15)
\pgf@max=\dimen164
\pgf@sys@shading@range@num=\count117
)
(C:\Users\Matt\AppData\Roaming\MiKTeX\2.9\tex\generic\pgf\basiclayer\pgfcoreima
ge.code.tex
File: pgfcoreimage.code.tex 2013/07/15  (rcs-revision 1.18)

(C:\Users\Matt\AppData\Roaming\MiKTeX\2.9\tex\generic\pgf\basiclayer\pgfcoreext
ernal.code.tex
File: pgfcoreexternal.code.tex 2014/07/09  (rcs-revision 1.21)
\pgfexternal@startupbox=\box39
))
(C:\Users\Matt\AppData\Roaming\MiKTeX\2.9\tex\generic\pgf\basiclayer\pgfcorelay
ers.code.tex
File: pgfcorelayers.code.tex 2013/07/18  (rcs-revision 1.7)
)
(C:\Users\Matt\AppData\Roaming\MiKTeX\2.9\tex\generic\pgf\basiclayer\pgfcoretra
nsparency.code.tex
File: pgfcoretransparency.code.tex 2013/09/30  (rcs-revision 1.5)
)
(C:\Users\Matt\AppData\Roaming\MiKTeX\2.9\tex\generic\pgf\basiclayer\pgfcorepat
terns.code.tex
File: pgfcorepatterns.code.tex 2013/11/07  (rcs-revision 1.5)
)))
(C:\Users\Matt\AppData\Roaming\MiKTeX\2.9\tex\latex\pgf\utilities\xxcolor.sty
Package: xxcolor 2003/10/24 ver 0.1
\XC@nummixins=\count118
\XC@countmixins=\count119
)
("C:\Program Files\MiKTeX 2.9\tex\generic\oberdiek\atbegshi.sty"
Package: atbegshi 2016/06/09 v1.18 At begin shipout hook (HO)
)
("C:\Program Files\MiKTeX 2.9\tex\latex\hyperref\hyperref.sty"
Package: hyperref 2017/03/14 v6.85a Hypertext links for LaTeX

("C:\Program Files\MiKTeX 2.9\tex\generic\oberdiek\hobsub-hyperref.sty"
Package: hobsub-hyperref 2016/05/16 v1.14 Bundle oberdiek, subset hyperref (HO)


("C:\Program Files\MiKTeX 2.9\tex\generic\oberdiek\hobsub-generic.sty"
Package: hobsub-generic 2016/05/16 v1.14 Bundle oberdiek, subset generic (HO)
Package: hobsub 2016/05/16 v1.14 Construct package bundles (HO)
Package hobsub Info: Skipping package `infwarerr' (already loaded).
Package hobsub Info: Skipping package `ltxcmds' (already loaded).
Package: ifluatex 2016/05/16 v1.4 Provides the ifluatex switch (HO)
Package ifluatex Info: LuaTeX not detected.
Package hobsub Info: Skipping package `ifvtex' (already loaded).
Package: intcalc 2016/05/16 v1.2 Expandable calculations with integers (HO)
Package hobsub Info: Skipping package `ifpdf' (already loaded).
Package: etexcmds 2016/05/16 v1.6 Avoid name clashes with e-TeX commands (HO)
Package etexcmds Info: Could not find \expanded.
(etexcmds)             That can mean that you are not using pdfTeX 1.50 or
(etexcmds)             that some package has redefined \expanded.
(etexcmds)             In the latter case, load this package earlier.
Package: kvsetkeys 2016/05/16 v1.17 Key value parser (HO)
Package: kvdefinekeys 2016/05/16 v1.4 Define keys (HO)
Package: pdftexcmds 2017/03/19 v0.25 Utility functions of pdfTeX for LuaTeX (HO
)
Package pdftexcmds Info: LuaTeX not detected.
Package pdftexcmds Info: \pdf@primitive is available.
Package pdftexcmds Info: \pdf@ifprimitive is available.
Package pdftexcmds Info: \pdfdraftmode found.
Package: pdfescape 2016/05/16 v1.14 Implements pdfTeX's escape features (HO)
Package: bigintcalc 2016/05/16 v1.4 Expandable calculations on big integers (HO
)
Package: bitset 2016/05/16 v1.2 Handle bit-vector datatype (HO)
Package: uniquecounter 2016/05/16 v1.3 Provide unlimited unique counter (HO)
)
Package hobsub Info: Skipping package `hobsub' (already loaded).
Package: letltxmacro 2016/05/16 v1.5 Let assignment for LaTeX macros (HO)
Package: hopatch 2016/05/16 v1.3 Wrapper for package hooks (HO)
Package: xcolor-patch 2016/05/16 xcolor patch
Package: atveryend 2016/05/16 v1.9 Hooks at the very end of document (HO)
Package hobsub Info: Skipping package `atbegshi' (already loaded).
Package: refcount 2016/05/16 v3.5 Data extraction from label references (HO)
Package: hycolor 2016/05/16 v1.8 Color options for hyperref/bookmark (HO)
)
("C:\Program Files\MiKTeX 2.9\tex\latex\oberdiek\auxhook.sty"
Package: auxhook 2016/05/16 v1.4 Hooks for auxiliary files (HO)
)
("C:\Program Files\MiKTeX 2.9\tex\latex\oberdiek\kvoptions.sty"
Package: kvoptions 2016/05/16 v3.12 Key value format for package options (HO)
)
\@linkdim=\dimen165
\Hy@linkcounter=\count120
\Hy@pagecounter=\count121

("C:\Program Files\MiKTeX 2.9\tex\latex\hyperref\pd1enc.def"
File: pd1enc.def 2017/03/14 v6.85a Hyperref: PDFDocEncoding definition (HO)
)
\Hy@SavedSpaceFactor=\count122

("C:\Program Files\MiKTeX 2.9\tex\latex\00miktex\hyperref.cfg"
File: hyperref.cfg 2002/06/06 v1.2 hyperref configuration of TeXLive
)
Package hyperref Info: Option `bookmarks' set `true' on input line 4374.
Package hyperref Info: Option `bookmarksopen' set `true' on input line 4374.
Package hyperref Info: Option `implicit' set `false' on input line 4374.
Package hyperref Info: Hyper figures OFF on input line 4498.
Package hyperref Info: Link nesting OFF on input line 4503.
Package hyperref Info: Hyper index ON on input line 4506.
Package hyperref Info: Plain pages OFF on input line 4513.
Package hyperref Info: Backreferencing OFF on input line 4518.
Package hyperref Info: Implicit mode OFF; no redefinition of LaTeX internals.
Package hyperref Info: Bookmarks ON on input line 4751.
\c@Hy@tempcnt=\count123

(C:\Users\Matt\AppData\Roaming\MiKTeX\2.9\tex\latex\url\url.sty
\Urlmuskip=\muskip10
Package: url 2013/09/16  ver 3.4  Verb mode for urls, etc.
)
LaTeX Info: Redefining \url on input line 5104.
\XeTeXLinkMargin=\dimen166
\Fld@menulength=\count124
\Field@Width=\dimen167
\Fld@charsize=\dimen168
Package hyperref Info: Hyper figures OFF on input line 6358.
Package hyperref Info: Link nesting OFF on input line 6363.
Package hyperref Info: Hyper index ON on input line 6366.
Package hyperref Info: backreferencing OFF on input line 6373.
Package hyperref Info: Link coloring OFF on input line 6378.
Package hyperref Info: Link coloring with OCG OFF on input line 6383.
Package hyperref Info: PDF/A mode OFF on input line 6388.
LaTeX Info: Redefining \ref on input line 6428.
LaTeX Info: Redefining \pageref on input line 6432.
\Hy@abspage=\count125


Package hyperref Message: Stopped early.

)

Package hyperref Message: Driver (autodetected): hpdftex.

("C:\Program Files\MiKTeX 2.9\tex\latex\hyperref\hpdftex.def"
File: hpdftex.def 2017/03/14 v6.85a Hyperref driver for pdfTeX
\Fld@listcount=\count126
\c@bookmark@seq@number=\count127

("C:\Program Files\MiKTeX 2.9\tex\latex\oberdiek\rerunfilecheck.sty"
Package: rerunfilecheck 2016/05/16 v1.8 Rerun checks for auxiliary files (HO)
Package uniquecounter Info: New unique counter `rerunfilecheck' on input line 2
82.
))
(C:\Users\Matt\AppData\Roaming\MiKTeX\2.9\tex\latex\beamer\beamerbaserequires.s
ty
(C:\Users\Matt\AppData\Roaming\MiKTeX\2.9\tex\latex\beamer\beamerbasecompatibil
ity.sty)
(C:\Users\Matt\AppData\Roaming\MiKTeX\2.9\tex\latex\beamer\beamerbasefont.sty
("C:\Program Files\MiKTeX 2.9\tex\latex\amsfonts\amssymb.sty"
Package: amssymb 2013/01/14 v3.01 AMS font symbols

("C:\Program Files\MiKTeX 2.9\tex\latex\amsfonts\amsfonts.sty"
Package: amsfonts 2013/01/14 v3.01 Basic AMSFonts support
\@emptytoks=\toks28
\symAMSa=\mathgroup4
\symAMSb=\mathgroup5
LaTeX Font Info:    Overwriting math alphabet `\mathfrak' in version `bold'
(Font)                  U/euf/m/n --> U/euf/b/n on input line 106.
))
(C:\Users\Matt\AppData\Roaming\MiKTeX\2.9\tex\latex\sansmathaccent\sansmathacce
nt.sty
Package: sansmathaccent 2013/03/28

(C:\Users\Matt\AppData\Roaming\MiKTeX\2.9\tex\latex\filehook\filehook.sty
Package: filehook 2011/10/12 v0.5d Hooks for input files
)))
(C:\Users\Matt\AppData\Roaming\MiKTeX\2.9\tex\latex\beamer\beamerbasetranslator
.sty
(C:\Users\Matt\AppData\Roaming\MiKTeX\2.9\tex\latex\beamer\translator\translato
r.sty
Package: translator 2010/06/12 ver 1.10

(C:\Users\Matt\AppData\Roaming\MiKTeX\2.9\tex\latex\beamer\translator\translato
r-language-mappings.tex)))
(C:\Users\Matt\AppData\Roaming\MiKTeX\2.9\tex\latex\beamer\beamerbasemisc.sty)
(C:\Users\Matt\AppData\Roaming\MiKTeX\2.9\tex\latex\beamer\beamerbasetwoscreens
.sty)
(C:\Users\Matt\AppData\Roaming\MiKTeX\2.9\tex\latex\beamer\beamerbaseoverlay.st
y
\beamer@argscount=\count128
\beamer@lastskipcover=\skip47
\beamer@trivlistdepth=\count129
)
(C:\Users\Matt\AppData\Roaming\MiKTeX\2.9\tex\latex\beamer\beamerbasetitle.sty)

(C:\Users\Matt\AppData\Roaming\MiKTeX\2.9\tex\latex\beamer\beamerbasesection.st
y
\c@lecture=\count130
\c@part=\count131
\c@section=\count132
\c@subsection=\count133
\c@subsubsection=\count134
)
(C:\Users\Matt\AppData\Roaming\MiKTeX\2.9\tex\latex\beamer\beamerbaseframe.sty
\beamer@framebox=\box40
\beamer@frametitlebox=\box41
\beamer@zoombox=\box42
\beamer@zoomcount=\count135
\beamer@zoomframecount=\count136
\beamer@frametextheight=\dimen169
\c@subsectionslide=\count137
\beamer@frametopskip=\skip48
\beamer@framebottomskip=\skip49
\beamer@frametopskipautobreak=\skip50
\beamer@framebottomskipautobreak=\skip51
\beamer@envbody=\toks29
\framewidth=\dimen170
\c@framenumber=\count138
)
(C:\Users\Matt\AppData\Roaming\MiKTeX\2.9\tex\latex\beamer\beamerbaseverbatim.s
ty
\beamer@verbatimfileout=\write4
)
(C:\Users\Matt\AppData\Roaming\MiKTeX\2.9\tex\latex\beamer\beamerbaseframesize.
sty
\beamer@splitbox=\box43
\beamer@autobreakcount=\count139
\beamer@autobreaklastheight=\dimen171
\beamer@frametitletoks=\toks30
\beamer@framesubtitletoks=\toks31
)
(C:\Users\Matt\AppData\Roaming\MiKTeX\2.9\tex\latex\beamer\beamerbaseframecompo
nents.sty
\beamer@footins=\box44
)
(C:\Users\Matt\AppData\Roaming\MiKTeX\2.9\tex\latex\beamer\beamerbasecolor.sty)
(C:\Users\Matt\AppData\Roaming\MiKTeX\2.9\tex\latex\beamer\beamerbasenotes.sty
\beamer@frameboxcopy=\box45
) (C:\Users\Matt\AppData\Roaming\MiKTeX\2.9\tex\latex\beamer\beamerbasetoc.sty)

(C:\Users\Matt\AppData\Roaming\MiKTeX\2.9\tex\latex\beamer\beamerbasetemplates.
sty
\beamer@sbttoks=\toks32

(C:\Users\Matt\AppData\Roaming\MiKTeX\2.9\tex\latex\beamer\beamerbaseauxtemplat
es.sty
(C:\Users\Matt\AppData\Roaming\MiKTeX\2.9\tex\latex\beamer\beamerbaseboxes.sty
\bmb@box=\box46
\bmb@colorbox=\box47
\bmb@boxshadow=\box48
\bmb@boxshadowball=\box49
\bmb@boxshadowballlarge=\box50
\bmb@temp=\dimen172
\bmb@dima=\dimen173
\bmb@dimb=\dimen174
\bmb@prevheight=\dimen175
)
\beamer@blockheadheight=\dimen176
))
(C:\Users\Matt\AppData\Roaming\MiKTeX\2.9\tex\latex\beamer\beamerbaselocalstruc
ture.sty ("C:\Program Files\MiKTeX 2.9\tex\latex\tools\enumerate.sty"
Package: enumerate 2015/07/23 v3.00 enumerate extensions (DPC)
\@enLab=\toks33
)
\c@figure=\count140
\c@table=\count141
\abovecaptionskip=\skip52
\belowcaptionskip=\skip53
)
(C:\Users\Matt\AppData\Roaming\MiKTeX\2.9\tex\latex\beamer\beamerbasenavigation
.sty
\beamer@section@min@dim=\dimen177
)
(C:\Users\Matt\AppData\Roaming\MiKTeX\2.9\tex\latex\beamer\beamerbasetheorems.s
ty ("C:\Program Files\MiKTeX 2.9\tex\latex\amsmath\amsmath.sty"
Package: amsmath 2016/11/05 v2.16a AMS math features
\@mathmargin=\skip54

For additional information on amsmath, use the `?' option.
("C:\Program Files\MiKTeX 2.9\tex\latex\amsmath\amstext.sty"
Package: amstext 2000/06/29 v2.01 AMS text

("C:\Program Files\MiKTeX 2.9\tex\latex\amsmath\amsgen.sty"
File: amsgen.sty 1999/11/30 v2.0 generic functions
\@emptytoks=\toks34
\ex@=\dimen178
))
("C:\Program Files\MiKTeX 2.9\tex\latex\amsmath\amsbsy.sty"
Package: amsbsy 1999/11/29 v1.2d Bold Symbols
\pmbraise@=\dimen179
)
("C:\Program Files\MiKTeX 2.9\tex\latex\amsmath\amsopn.sty"
Package: amsopn 2016/03/08 v2.02 operator names
)
\inf@bad=\count142
LaTeX Info: Redefining \frac on input line 213.
\uproot@=\count143
\leftroot@=\count144
LaTeX Info: Redefining \overline on input line 375.
\classnum@=\count145
\DOTSCASE@=\count146
LaTeX Info: Redefining \ldots on input line 472.
LaTeX Info: Redefining \dots on input line 475.
LaTeX Info: Redefining \cdots on input line 596.
\Mathstrutbox@=\box51
\strutbox@=\box52
\big@size=\dimen180
LaTeX Font Info:    Redeclaring font encoding OML on input line 712.
LaTeX Font Info:    Redeclaring font encoding OMS on input line 713.
\macc@depth=\count147
\c@MaxMatrixCols=\count148
\dotsspace@=\muskip11
\c@parentequation=\count149
\dspbrk@lvl=\count150
\tag@help=\toks35
\row@=\count151
\column@=\count152
\maxfields@=\count153
\andhelp@=\toks36
\eqnshift@=\dimen181
\alignsep@=\dimen182
\tagshift@=\dimen183
\tagwidth@=\dimen184
\totwidth@=\dimen185
\lineht@=\dimen186
\@envbody=\toks37
\multlinegap=\skip55
\multlinetaggap=\skip56
\mathdisplay@stack=\toks38
LaTeX Info: Redefining \[ on input line 2817.
LaTeX Info: Redefining \] on input line 2818.
)
("C:\Program Files\MiKTeX 2.9\tex\latex\amscls\amsthm.sty"
Package: amsthm 2015/03/04 v2.20.2
\thm@style=\toks39
\thm@bodyfont=\toks40
\thm@headfont=\toks41
\thm@notefont=\toks42
\thm@headpunct=\toks43
\thm@preskip=\skip57
\thm@postskip=\skip58
\thm@headsep=\skip59
\dth@everypar=\toks44
)
\c@theorem=\count154
)
(C:\Users\Matt\AppData\Roaming\MiKTeX\2.9\tex\latex\beamer\beamerbasethemes.sty
))
(C:\Users\Matt\AppData\Roaming\MiKTeX\2.9\tex\latex\beamer\themes\theme\beamert
hemedefault.sty
(C:\Users\Matt\AppData\Roaming\MiKTeX\2.9\tex\latex\beamer\themes\font\beamerfo
ntthemedefault.sty)
(C:\Users\Matt\AppData\Roaming\MiKTeX\2.9\tex\latex\beamer\themes\color\beamerc
olorthemedefault.sty)
(C:\Users\Matt\AppData\Roaming\MiKTeX\2.9\tex\latex\beamer\themes\inner\beameri
nnerthemedefault.sty
\beamer@dima=\dimen187
\beamer@dimb=\dimen188
)
(C:\Users\Matt\AppData\Roaming\MiKTeX\2.9\tex\latex\beamer\themes\outer\beamero
uterthemedefault.sty)))
("C:\Program Files\MiKTeX 2.9\tex\latex\media9\media9.sty"
(C:\Users\Matt\AppData\Roaming\MiKTeX\2.9\tex\latex\l3kernel\expl3.sty
Package: expl3 2017/07/19 L3 programming layer (loader) 

(C:\Users\Matt\AppData\Roaming\MiKTeX\2.9\tex\latex\l3kernel\expl3-code.tex
Package: expl3 2017/07/19 L3 programming layer (code)
\c_max_int=\count155
\l_tmpa_int=\count156
\l_tmpb_int=\count157
\g_tmpa_int=\count158
\g_tmpb_int=\count159
\g__intarray_font_int=\count160
\g__prg_map_int=\count161
\c_log_iow=\count162
\l_iow_line_count_int=\count163
\l__iow_line_target_int=\count164
\l__iow_one_indent_int=\count165
\l__iow_indent_int=\count166
\c_zero_dim=\dimen189
\c_max_dim=\dimen190
\l_tmpa_dim=\dimen191
\l_tmpb_dim=\dimen192
\g_tmpa_dim=\dimen193
\g_tmpb_dim=\dimen194
\c_zero_skip=\skip60
\c_max_skip=\skip61
\l_tmpa_skip=\skip62
\l_tmpb_skip=\skip63
\g_tmpa_skip=\skip64
\g_tmpb_skip=\skip65
\c_zero_muskip=\muskip12
\c_max_muskip=\muskip13
\l_tmpa_muskip=\muskip14
\l_tmpb_muskip=\muskip15
\g_tmpa_muskip=\muskip16
\g_tmpb_muskip=\muskip17
\l_keys_choice_int=\count167
\c__fp_leading_shift_int=\count168
\c__fp_middle_shift_int=\count169
\c__fp_trailing_shift_int=\count170
\c__fp_big_leading_shift_int=\count171
\c__fp_big_middle_shift_int=\count172
\c__fp_big_trailing_shift_int=\count173
\c__fp_Bigg_leading_shift_int=\count174
\c__fp_Bigg_middle_shift_int=\count175
\c__fp_Bigg_trailing_shift_int=\count176
\c__fp_rand_size_int=\count177
\c__fp_rand_four_int=\count178
\c__fp_rand_eight_int=\count179
\l__sort_length_int=\count180
\l__sort_min_int=\count181
\l__sort_top_int=\count182
\l__sort_max_int=\count183
\l__sort_true_max_int=\count184
\l__sort_block_int=\count185
\l__sort_begin_int=\count186
\l__sort_end_int=\count187
\l__sort_A_int=\count188
\l__sort_B_int=\count189
\l__sort_C_int=\count190
\l__tl_build_start_index_int=\count191
\l__tl_build_index_int=\count192
\l__tl_analysis_normal_int=\count193
\l__tl_analysis_index_int=\count194
\l__tl_analysis_nesting_int=\count195
\l__tl_analysis_type_int=\count196
\l__regex_internal_a_int=\count197
\l__regex_internal_b_int=\count198
\l__regex_internal_c_int=\count199
\l__regex_balance_int=\count266
\l__regex_group_level_int=\count267
\l__regex_mode_int=\count268
\c__regex_cs_in_class_mode_int=\count269
\c__regex_cs_mode_int=\count270
\l__regex_catcodes_int=\count271
\l__regex_default_catcodes_int=\count272
\c__regex_catcode_D_int=\count273
\c__regex_catcode_S_int=\count274
\c__regex_catcode_L_int=\count275
\c__regex_catcode_O_int=\count276
\c__regex_catcode_A_int=\count277
\c__regex_all_catcodes_int=\count278
\l__regex_show_lines_int=\count279
\l__regex_min_state_int=\count280
\l__regex_max_state_int=\count281
\l__regex_left_state_int=\count282
\l__regex_right_state_int=\count283
\l__regex_capturing_group_int=\count284
\l__regex_min_pos_int=\count285
\l__regex_max_pos_int=\count286
\l__regex_curr_pos_int=\count287
\l__regex_start_pos_int=\count288
\l__regex_success_pos_int=\count289
\l__regex_curr_char_int=\count290
\l__regex_curr_catcode_int=\count291
\l__regex_last_char_int=\count292
\l__regex_case_changed_char_int=\count293
\l__regex_curr_state_int=\count294
\l__regex_step_int=\count295
\l__regex_min_active_int=\count296
\l__regex_max_active_int=\count297
\l__regex_replacement_csnames_int=\count298
\l__regex_match_count_int=\count299
\l__regex_min_submatch_int=\count300
\l__regex_submatch_int=\count301
\l__regex_zeroth_submatch_int=\count302
\g__debug_trace_regex_int=\count303
\c_empty_box=\box53
\l_tmpa_box=\box54
\l_tmpb_box=\box55
\g_tmpa_box=\box56
\g_tmpb_box=\box57
\l__box_top_dim=\dimen195
\l__box_bottom_dim=\dimen196
\l__box_left_dim=\dimen197
\l__box_right_dim=\dimen198
\l__box_top_new_dim=\dimen199
\l__box_bottom_new_dim=\dimen256
\l__box_left_new_dim=\dimen257
\l__box_right_new_dim=\dimen258
\l__box_internal_box=\box58
\l__coffin_internal_box=\box59
\l__coffin_internal_dim=\dimen259
\l__coffin_offset_x_dim=\dimen260
\l__coffin_offset_y_dim=\dimen261
\l__coffin_x_dim=\dimen262
\l__coffin_y_dim=\dimen263
\l__coffin_x_prime_dim=\dimen264
\l__coffin_y_prime_dim=\dimen265
\c_empty_coffin=\box60
\l__coffin_aligned_coffin=\box61
\l__coffin_aligned_internal_coffin=\box62
\l_tmpa_coffin=\box63
\l_tmpb_coffin=\box64
\l__coffin_display_coffin=\box65
\l__coffin_display_coord_coffin=\box66
\l__coffin_display_pole_coffin=\box67
\l__coffin_display_offset_dim=\dimen266
\l__coffin_display_x_dim=\dimen267
\l__coffin_display_y_dim=\dimen268
\l__coffin_bounding_shift_dim=\dimen269
\l__coffin_left_corner_dim=\dimen270
\l__coffin_right_corner_dim=\dimen271
\l__coffin_bottom_corner_dim=\dimen272
\l__coffin_top_corner_dim=\dimen273
\l__coffin_scaled_total_height_dim=\dimen274
\l__coffin_scaled_width_dim=\dimen275
)
(C:\Users\Matt\AppData\Roaming\MiKTeX\2.9\tex\latex\l3kernel\l3pdfmode.def
File: l3pdfmode.def 2017/03/18 v L3 Experimental driver: PDF mode
\l__driver_color_stack_int=\count304
\l__driver_tmp_box=\box68
))
(C:\Users\Matt\AppData\Roaming\MiKTeX\2.9\tex\latex\l3packages\l3keys2e\l3keys2
e.sty
Package: l3keys2e 2017/07/19 LaTeX2e option processing using LaTeX3 keys
)
(C:\Users\Matt\AppData\Roaming\MiKTeX\2.9\tex\latex\l3packages\xparse\xparse.st
y
Package: xparse 2017/07/19 L3 Experimental document command parser
\l__xparse_current_arg_int=\count305
\g__xparse_grabber_int=\count306
\l__xparse_m_args_int=\count307
\l__xparse_mandatory_args_int=\count308
\l__xparse_v_nesting_int=\count309
)
Package: media9 2017/07/27 v0.83 acrobat-9/X compatible media
\g_mix_pkgresizeflag_int=\count310
 ("C:\Program Files\MiKTeX 2.9\tex\latex\media9\pdfbase.sty"
Package: pdfbase 2017/07/24 v0.15 driver independent access to low-level PDF fe
atures
\g_pbs_page_int=\count311
\g_pbs_oc_int=\count312
)
(C:\Users\Matt\AppData\Roaming\MiKTeX\2.9\tex\latex\ocgx2\ocgbase.sty
Package: ocgbase 2017/03/30 v0.10 support package for ocgx2.sty
)
\l_mix_poster_box=\box69
\g_mix_wd_dim=\dimen276
\g_mix_ht_dim=\dimen277
\g_mix_dp_dim=\dimen278
\g_mix_rmcnt_int=\count313
\l_mix_viewcnt_int=\count314
\g@mix@page@int=\count315
\g_mix_resizeflag_int=\count316
\l_mix_lineno_int=\count317
.................................................
. LaTeX info: "xparse/define-command"
. 
. Defining command \addmediapath with sig. 'm' on line 806.
.................................................
\l_mix_pbtn_box=\box70
\mix@btn@dim=\dimen279
.................................................
. LaTeX info: "xparse/define-command"
. 
. Defining command \includemedia with sig. 'O{}mm' on line 1214.
.................................................
\g_mix_mbtncnt_int=\count318
.................................................
. LaTeX info: "xparse/define-command"
. 
. Defining command \mediabutton with sig. 'O{}m' on line 2420.
.................................................
)
("C:\Program Files\MiKTeX 2.9\tex\latex\subfig\subfig.sty"
Package: subfig 2005/06/28 ver: 1.3 subfig package

(C:\Users\Matt\AppData\Roaming\MiKTeX\2.9\tex\latex\caption\caption.sty
Package: caption 2016/02/21 v3.3-144 Customizing captions (AR)

(C:\Users\Matt\AppData\Roaming\MiKTeX\2.9\tex\latex\caption\caption3.sty
Package: caption3 2016/05/22 v1.7-166 caption3 kernel (AR)
Package caption3 Info: TeX engine: e-TeX on input line 67.
\captionmargin=\dimen280
\captionmargin@=\dimen281
\captionwidth=\dimen282
\caption@tempdima=\dimen283
\caption@indent=\dimen284
\caption@parindent=\dimen285
\caption@hangindent=\dimen286
)
\c@ContinuedFloat=\count319
Package caption Info: beamer document class.
Package caption Info: hyperref package is loaded.
Package caption Info: Hyperref support is turned off
(caption)             because hyperref has stopped early.
)
\c@KVtest=\count320
\sf@farskip=\skip66
\sf@captopadj=\dimen287
\sf@capskip=\skip67
\sf@nearskip=\skip68
\c@subfigure=\count321
\c@subfigure@save=\count322
\c@depth=\count323
\c@subtable=\count324
\c@subtable@save=\count325
\sf@top=\skip69
\sf@bottom=\skip70
)
(C:\Users\Matt\AppData\Roaming\MiKTeX\2.9\tex\latex\pgf\frontendlayer\tikz.sty
(C:\Users\Matt\AppData\Roaming\MiKTeX\2.9\tex\latex\pgf\basiclayer\pgf.sty
Package: pgf 2015/08/07 v3.0.1a (rcs-revision 1.15)

(C:\Users\Matt\AppData\Roaming\MiKTeX\2.9\tex\generic\pgf\modules\pgfmoduleshap
es.code.tex
File: pgfmoduleshapes.code.tex 2014/03/21  (rcs-revision 1.35)
\pgfnodeparttextbox=\box71
)
(C:\Users\Matt\AppData\Roaming\MiKTeX\2.9\tex\generic\pgf\modules\pgfmoduleplot
.code.tex
File: pgfmoduleplot.code.tex 2015/08/03  (rcs-revision 1.13)
)
(C:\Users\Matt\AppData\Roaming\MiKTeX\2.9\tex\latex\pgf\compatibility\pgfcomp-v
ersion-0-65.sty
Package: pgfcomp-version-0-65 2007/07/03 v3.0.1a (rcs-revision 1.7)
\pgf@nodesepstart=\dimen288
\pgf@nodesepend=\dimen289
)
(C:\Users\Matt\AppData\Roaming\MiKTeX\2.9\tex\latex\pgf\compatibility\pgfcomp-v
ersion-1-18.sty
Package: pgfcomp-version-1-18 2007/07/23 v3.0.1a (rcs-revision 1.1)
))
(C:\Users\Matt\AppData\Roaming\MiKTeX\2.9\tex\latex\pgf\utilities\pgffor.sty
(C:\Users\Matt\AppData\Roaming\MiKTeX\2.9\tex\latex\pgf\utilities\pgfkeys.sty
(C:\Users\Matt\AppData\Roaming\MiKTeX\2.9\tex\generic\pgf\utilities\pgfkeys.cod
e.tex))
(C:\Users\Matt\AppData\Roaming\MiKTeX\2.9\tex\latex\pgf\math\pgfmath.sty
(C:\Users\Matt\AppData\Roaming\MiKTeX\2.9\tex\generic\pgf\math\pgfmath.code.tex
))
(C:\Users\Matt\AppData\Roaming\MiKTeX\2.9\tex\generic\pgf\utilities\pgffor.code
.tex
Package: pgffor 2013/12/13 v3.0.1a (rcs-revision 1.25)

(C:\Users\Matt\AppData\Roaming\MiKTeX\2.9\tex\generic\pgf\math\pgfmath.code.tex
)
\pgffor@iter=\dimen290
\pgffor@skip=\dimen291
\pgffor@stack=\toks45
\pgffor@toks=\toks46
))
(C:\Users\Matt\AppData\Roaming\MiKTeX\2.9\tex\generic\pgf\frontendlayer\tikz\ti
kz.code.tex
Package: tikz 2015/08/07 v3.0.1a (rcs-revision 1.151)

(C:\Users\Matt\AppData\Roaming\MiKTeX\2.9\tex\generic\pgf\libraries\pgflibraryp
lothandlers.code.tex
File: pgflibraryplothandlers.code.tex 2013/08/31 v3.0.1a (rcs-revision 1.20)
\pgf@plot@mark@count=\count326
\pgfplotmarksize=\dimen292
)
\tikz@lastx=\dimen293
\tikz@lasty=\dimen294
\tikz@lastxsaved=\dimen295
\tikz@lastysaved=\dimen296
\tikzleveldistance=\dimen297
\tikzsiblingdistance=\dimen298
\tikz@figbox=\box72
\tikz@figbox@bg=\box73
\tikz@tempbox=\box74
\tikz@tempbox@bg=\box75
\tikztreelevel=\count327
\tikznumberofchildren=\count328
\tikznumberofcurrentchild=\count329
\tikz@fig@count=\count330

(C:\Users\Matt\AppData\Roaming\MiKTeX\2.9\tex\generic\pgf\modules\pgfmodulematr
ix.code.tex
File: pgfmodulematrix.code.tex 2013/09/17  (rcs-revision 1.8)
\pgfmatrixcurrentrow=\count331
\pgfmatrixcurrentcolumn=\count332
\pgf@matrix@numberofcolumns=\count333
)
\tikz@expandcount=\count334

(C:\Users\Matt\AppData\Roaming\MiKTeX\2.9\tex\generic\pgf\frontendlayer\tikz\li
braries\tikzlibrarytopaths.code.tex
File: tikzlibrarytopaths.code.tex 2008/06/17 v3.0.1a (rcs-revision 1.2)
)))
(C:\Users\Matt\AppData\Roaming\MiKTeX\2.9\tex\generic\pgf\frontendlayer\tikz\li
braries\tikzlibraryfadings.code.tex
File: tikzlibraryfadings.code.tex 2009/11/15 v3.0.1a (rcs-revision 1.2)

(C:\Users\Matt\AppData\Roaming\MiKTeX\2.9\tex\generic\pgf\libraries\pgflibraryf
adings.code.tex
File: pgflibraryfadings.code.tex 2008/02/07 v3.0.1a (rcs-revision 1.3)
))
(C:\Users\Matt\AppData\Roaming\MiKTeX\2.9\tex\generic\pgf\frontendlayer\tikz\li
braries\tikzlibraryarrows.code.tex
File: tikzlibraryarrows.code.tex 2008/01/09 v3.0.1a (rcs-revision 1.1)

(C:\Users\Matt\AppData\Roaming\MiKTeX\2.9\tex\generic\pgf\libraries\pgflibrarya
rrows.code.tex
File: pgflibraryarrows.code.tex 2013/09/23 v3.0.1a (rcs-revision 1.16)
\arrowsize=\dimen299
))
(C:\Users\Matt\AppData\Roaming\MiKTeX\2.9\tex\generic\pgf\frontendlayer\tikz\li
braries\tikzlibraryshapes.code.tex
File: tikzlibraryshapes.code.tex 2008/01/09 v3.0.1a (rcs-revision 1.1)

(C:\Users\Matt\AppData\Roaming\MiKTeX\2.9\tex\generic\pgf\frontendlayer\tikz\li
braries\tikzlibraryshapes.geometric.code.tex
File: tikzlibraryshapes.geometric.code.tex 2008/01/09 v3.0.1a (rcs-revision 1.1
)

(C:\Users\Matt\AppData\Roaming\MiKTeX\2.9\tex\generic\pgf\libraries\shapes\pgfl
ibraryshapes.geometric.code.tex
File: pgflibraryshapes.geometric.code.tex 2008/06/26 v3.0.1a (rcs-revision 1.1)

))
(C:\Users\Matt\AppData\Roaming\MiKTeX\2.9\tex\generic\pgf\frontendlayer\tikz\li
braries\tikzlibraryshapes.misc.code.tex
File: tikzlibraryshapes.misc.code.tex 2008/01/09 v3.0.1a (rcs-revision 1.1)

(C:\Users\Matt\AppData\Roaming\MiKTeX\2.9\tex\generic\pgf\libraries\shapes\pgfl
ibraryshapes.misc.code.tex
File: pgflibraryshapes.misc.code.tex 2013/07/18 v3.0.1a (rcs-revision 1.5)
))
(C:\Users\Matt\AppData\Roaming\MiKTeX\2.9\tex\generic\pgf\frontendlayer\tikz\li
braries\tikzlibraryshapes.symbols.code.tex
File: tikzlibraryshapes.symbols.code.tex 2008/01/09 v3.0.1a (rcs-revision 1.1)

(C:\Users\Matt\AppData\Roaming\MiKTeX\2.9\tex\generic\pgf\libraries\shapes\pgfl
ibraryshapes.symbols.code.tex
File: pgflibraryshapes.symbols.code.tex 2013/09/11 v3.0.1a (rcs-revision 1.6)
))
(C:\Users\Matt\AppData\Roaming\MiKTeX\2.9\tex\generic\pgf\frontendlayer\tikz\li
braries\tikzlibraryshapes.arrows.code.tex
File: tikzlibraryshapes.arrows.code.tex 2008/01/09 v3.0.1a (rcs-revision 1.1)

(C:\Users\Matt\AppData\Roaming\MiKTeX\2.9\tex\generic\pgf\libraries\shapes\pgfl
ibraryshapes.arrows.code.tex
File: pgflibraryshapes.arrows.code.tex 2008/06/26 v3.0.1a (rcs-revision 1.1)
))
(C:\Users\Matt\AppData\Roaming\MiKTeX\2.9\tex\generic\pgf\frontendlayer\tikz\li
braries\tikzlibraryshapes.callouts.code.tex
(C:\Users\Matt\AppData\Roaming\MiKTeX\2.9\tex\generic\pgf\libraries\shapes\pgfl
ibraryshapes.callouts.code.tex))
(C:\Users\Matt\AppData\Roaming\MiKTeX\2.9\tex\generic\pgf\frontendlayer\tikz\li
braries\tikzlibraryshapes.multipart.code.tex
File: tikzlibraryshapes.multipart.code.tex 2008/01/09 v3.0.1a (rcs-revision 1.1
)

(C:\Users\Matt\AppData\Roaming\MiKTeX\2.9\tex\generic\pgf\libraries\shapes\pgfl
ibraryshapes.multipart.code.tex
File: pgflibraryshapes.multipart.code.tex 2010/01/07 v3.0.1a (rcs-revision 1.2)

\pgfnodepartlowerbox=\box76
\pgfnodeparttwobox=\box77
\pgfnodepartthreebox=\box78
\pgfnodepartfourbox=\box79
\pgfnodeparttwentybox=\box80
\pgfnodepartnineteenbox=\box81
\pgfnodeparteighteenbox=\box82
\pgfnodepartseventeenbox=\box83
\pgfnodepartsixteenbox=\box84
\pgfnodepartfifteenbox=\box85
\pgfnodepartfourteenbox=\box86
\pgfnodepartthirteenbox=\box87
\pgfnodeparttwelvebox=\box88
\pgfnodepartelevenbox=\box89
\pgfnodeparttenbox=\box90
\pgfnodepartninebox=\box91
\pgfnodeparteightbox=\box92
\pgfnodepartsevenbox=\box93
\pgfnodepartsixbox=\box94
\pgfnodepartfivebox=\box95
)))
(C:\Users\Matt\AppData\Roaming\MiKTeX\2.9\tex\generic\pgf\frontendlayer\tikz\li
braries\tikzlibrarypositioning.code.tex
File: tikzlibrarypositioning.code.tex 2008/10/06 v3.0.1a (rcs-revision 1.7)
)
("C:\Program Files\MiKTeX 2.9\tex\latex\oberdiek\centernot.sty"
Package: centernot 2016/05/16 v1.4 Centers the not symbol horizontally (HO)
)
("C:\Program Files\MiKTeX 2.9\tex\latex\multirow\multirow.sty"
Package: multirow 2016/11/25 v2.2 Span multiple rows of a table
\multirow@colwidth=\skip71
\multirow@cntb=\count335
\multirow@dima=\skip72
\bigstrutjot=\dimen300
)
(C:\Users\Matt\AppData\Roaming\MiKTeX\2.9\tex\latex\booktabs\booktabs.sty
Package: booktabs 2005/04/14 v1.61803 publication quality tables
\heavyrulewidth=\dimen301
\lightrulewidth=\dimen302
\cmidrulewidth=\dimen303
\belowrulesep=\dimen304
\belowbottomsep=\dimen305
\aboverulesep=\dimen306
\abovetopsep=\dimen307
\cmidrulesep=\dimen308
\cmidrulekern=\dimen309
\defaultaddspace=\dimen310
\@cmidla=\count336
\@cmidlb=\count337
\@aboverulesep=\dimen311
\@belowrulesep=\dimen312
\@thisruleclass=\count338
\@lastruleclass=\count339
\@thisrulewidth=\dimen313
){C:/ProgramData/MiKTeX/2.9/pdftex/config/pdftex.map}{C:/Users/Matt/AppData/Roa
ming/MiKTeX/2.9/fonts/map/dvips/sansmathaccent/sansmathaccent.map

pdfTeX warning: pdflatex (file C:/Users/Matt/AppData/Roaming/MiKTeX/2.9/fonts/m
ap/dvips/sansmathaccent/sansmathaccent.map): fontmap entry for `mathkerncmssi8'
 already exists, duplicates ignored


pdfTeX warning: pdflatex (file C:/Users/Matt/AppData/Roaming/MiKTeX/2.9/fonts/m
ap/dvips/sansmathaccent/sansmathaccent.map): fontmap entry for `mathkerncmssi9'
 already exists, duplicates ignored


pdfTeX warning: pdflatex (file C:/Users/Matt/AppData/Roaming/MiKTeX/2.9/fonts/m
ap/dvips/sansmathaccent/sansmathaccent.map): fontmap entry for `mathkerncmssi10
' already exists, duplicates ignored


pdfTeX warning: pdflatex (file C:/Users/Matt/AppData/Roaming/MiKTeX/2.9/fonts/m
ap/dvips/sansmathaccent/sansmathaccent.map): fontmap entry for `mathkerncmssi12
' already exists, duplicates ignored


pdfTeX warning: pdflatex (file C:/Users/Matt/AppData/Roaming/MiKTeX/2.9/fonts/m
ap/dvips/sansmathaccent/sansmathaccent.map): fontmap entry for `mathkerncmssi17
' already exists, duplicates ignored
}
(C:\Users\Matt\AppData\Roaming\MiKTeX\2.9\tex\latex\beamer\themes\inner\beameri
nnerthemerounded.sty)
(C:\Users\Matt\AppData\Roaming\MiKTeX\2.9\tex\latex\beamer\themes\color\beamerc
olorthemecrane.sty)

Package hyperref Warning: Token not allowed in a PDF string (PDFDocEncoding):
(hyperref)                removing `\\' on input line 67.


Package hyperref Warning: Token not allowed in a PDF string (PDFDocEncoding):
(hyperref)                removing `\\' on input line 67.


Package hyperref Warning: Token not allowed in a PDF string (PDFDocEncoding):
(hyperref)                removing `\new@ifnextchar' on input line 67.

(sp2rc-seminar-slides.aux

LaTeX Warning: Label `current<1>' multiply defined.


LaTeX Warning: Label `current' multiply defined.


LaTeX Warning: Label `current<2>' multiply defined.


LaTeX Warning: Label `current<3>' multiply defined.


LaTeX Warning: Label `current<4>' multiply defined.


LaTeX Warning: Label `current<5>' multiply defined.


LaTeX Warning: Label `current<6>' multiply defined.

)
\openout1 = `sp2rc-seminar-slides.aux'.

LaTeX Font Info:    Checking defaults for OML/cmm/m/it on input line 82.
LaTeX Font Info:    ... okay on input line 82.
LaTeX Font Info:    Checking defaults for T1/cmr/m/n on input line 82.
LaTeX Font Info:    ... okay on input line 82.
LaTeX Font Info:    Checking defaults for OT1/cmr/m/n on input line 82.
LaTeX Font Info:    ... okay on input line 82.
LaTeX Font Info:    Checking defaults for OMS/cmsy/m/n on input line 82.
LaTeX Font Info:    ... okay on input line 82.
LaTeX Font Info:    Checking defaults for OMX/cmex/m/n on input line 82.
LaTeX Font Info:    ... okay on input line 82.
LaTeX Font Info:    Checking defaults for U/cmr/m/n on input line 82.
LaTeX Font Info:    ... okay on input line 82.
LaTeX Font Info:    Checking defaults for PD1/pdf/m/n on input line 82.
LaTeX Font Info:    ... okay on input line 82.

*geometry* driver: auto-detecting
*geometry* detected driver: pdftex
*geometry* verbose mode - [ preamble ] result:
* driver: pdftex
* paper: custom
* layout: <same size as paper>
* layoutoffset:(h,v)=(0.0pt,0.0pt)
* modes: includehead includefoot 
* h-part:(L,W,R)=(28.45274pt, 307.28987pt, 28.45274pt)
* v-part:(T,H,B)=(0.0pt, 273.14662pt, 0.0pt)
* \paperwidth=364.19536pt
* \paperheight=273.14662pt
* \textwidth=307.28987pt
* \textheight=244.6939pt
* \oddsidemargin=-43.81725pt
* \evensidemargin=-43.81725pt
* \topmargin=-72.26999pt
* \headheight=14.22636pt
* \headsep=0.0pt
* \topskip=11.0pt
* \footskip=14.22636pt
* \marginparwidth=4.0pt
* \marginparsep=10.0pt
* \columnsep=10.0pt
* \skip\footins=10.0pt plus 4.0pt minus 2.0pt
* \hoffset=0.0pt
* \voffset=0.0pt
* \mag=1000
* \@twocolumnfalse
* \@twosidefalse
* \@mparswitchfalse
* \@reversemarginfalse
* (1in=72.27pt=25.4mm, 1cm=28.453pt)

(C:\Users\Matt\AppData\Roaming\MiKTeX\2.9\tex\context\base\supp-pdf.mkii
[Loading MPS to PDF converter (version 2006.09.02).]
\scratchcounter=\count340
\scratchdimen=\dimen314
\scratchbox=\box96
\nofMPsegments=\count341
\nofMParguments=\count342
\everyMPshowfont=\toks47
\MPscratchCnt=\count343
\MPscratchDim=\dimen315
\MPnumerator=\count344
\makeMPintoPDFobject=\count345
\everyMPtoPDFconversion=\toks48
) ("C:\Program Files\MiKTeX 2.9\tex\latex\oberdiek\epstopdf-base.sty"
Package: epstopdf-base 2016/05/15 v2.6 Base part for package epstopdf

("C:\Program Files\MiKTeX 2.9\tex\latex\oberdiek\grfext.sty"
Package: grfext 2016/05/16 v1.2 Manage graphics extensions (HO)
)
Package epstopdf-base Info: Redefining graphics rule for `.eps' on input line 4
38.
Package grfext Info: Graphics extension search list:
(grfext)             [.png,.pdf,.jpg,.mps,.jpeg,.jbig2,.jb2,.PNG,.PDF,.JPG,.JPE
G,.JBIG2,.JB2,.eps]
(grfext)             \AppendGraphicsExtensions on input line 456.
)
ABD: EveryShipout initializing macros
\AtBeginShipoutBox=\box97
Package hyperref Info: Link coloring OFF on input line 82.

("C:\Program Files\MiKTeX 2.9\tex\latex\hyperref\nameref.sty"
Package: nameref 2016/05/21 v2.44 Cross-referencing by name of section

("C:\Program Files\MiKTeX 2.9\tex\generic\oberdiek\gettitlestring.sty"
Package: gettitlestring 2016/05/16 v1.5 Cleanup title references (HO)
)
\c@section@level=\count346
)
LaTeX Info: Redefining \ref on input line 82.
LaTeX Info: Redefining \pageref on input line 82.
LaTeX Info: Redefining \nameref on input line 82.

(sp2rc-seminar-slides.out) (sp2rc-seminar-slides.out)
\@outlinefile=\write5
\openout5 = `sp2rc-seminar-slides.out'.

LaTeX Font Info:    Overwriting symbol font `operators' in version `normal'
(Font)                  OT1/cmr/m/n --> OT1/cmss/m/n on input line 82.
LaTeX Font Info:    Overwriting symbol font `operators' in version `bold'
(Font)                  OT1/cmr/bx/n --> OT1/cmss/bx/n on input line 82.
\symnumbers=\mathgroup6
\sympureletters=\mathgroup7
LaTeX Font Info:    Overwriting math alphabet `\mathrm' in version `normal'
(Font)                  OT1/cmss/m/n --> OT1/cmr/m/n on input line 82.
LaTeX Font Info:    Redeclaring math alphabet \mathbf on input line 82.
LaTeX Font Info:    Overwriting math alphabet `\mathbf' in version `normal'
(Font)                  OT1/cmr/bx/n --> OT1/cmss/bx/n on input line 82.
LaTeX Font Info:    Overwriting math alphabet `\mathbf' in version `bold'
(Font)                  OT1/cmr/bx/n --> OT1/cmss/bx/n on input line 82.
LaTeX Font Info:    Redeclaring math alphabet \mathsf on input line 82.
LaTeX Font Info:    Overwriting math alphabet `\mathsf' in version `normal'
(Font)                  OT1/cmss/m/n --> OT1/cmss/m/n on input line 82.
LaTeX Font Info:    Overwriting math alphabet `\mathsf' in version `bold'
(Font)                  OT1/cmss/bx/n --> OT1/cmss/m/n on input line 82.
LaTeX Font Info:    Redeclaring math alphabet \mathit on input line 82.
LaTeX Font Info:    Overwriting math alphabet `\mathit' in version `normal'
(Font)                  OT1/cmr/m/it --> OT1/cmss/m/it on input line 82.
LaTeX Font Info:    Overwriting math alphabet `\mathit' in version `bold'
(Font)                  OT1/cmr/bx/it --> OT1/cmss/m/it on input line 82.
LaTeX Font Info:    Redeclaring math alphabet \mathtt on input line 82.
LaTeX Font Info:    Overwriting math alphabet `\mathtt' in version `normal'
(Font)                  OT1/cmtt/m/n --> OT1/cmtt/m/n on input line 82.
LaTeX Font Info:    Overwriting math alphabet `\mathtt' in version `bold'
(Font)                  OT1/cmtt/m/n --> OT1/cmtt/m/n on input line 82.
LaTeX Font Info:    Overwriting symbol font `numbers' in version `bold'
(Font)                  OT1/cmss/m/n --> OT1/cmss/bx/n on input line 82.
LaTeX Font Info:    Overwriting symbol font `pureletters' in version `bold'
(Font)                  OT1/cmss/m/it --> OT1/cmss/bx/it on input line 82.
LaTeX Font Info:    Overwriting math alphabet `\mathrm' in version `bold'
(Font)                  OT1/cmss/bx/n --> OT1/cmr/bx/n on input line 82.
LaTeX Font Info:    Overwriting math alphabet `\mathbf' in version `bold'
(Font)                  OT1/cmss/bx/n --> OT1/cmss/bx/n on input line 82.
LaTeX Font Info:    Overwriting math alphabet `\mathsf' in version `bold'
(Font)                  OT1/cmss/m/n --> OT1/cmss/bx/n on input line 82.
LaTeX Font Info:    Overwriting math alphabet `\mathit' in version `bold'
(Font)                  OT1/cmss/m/it --> OT1/cmss/bx/it on input line 82.
LaTeX Font Info:    Overwriting math alphabet `\mathtt' in version `bold'
(Font)                  OT1/cmtt/m/n --> OT1/cmtt/bx/n on input line 82.
LaTeX Font Info:    Redeclaring symbol font `pureletters' on input line 82.
LaTeX Font Info:    Overwriting symbol font `pureletters' in version `normal'
(Font)                  OT1/cmss/m/it --> OT1/mathkerncmss/m/sl on input line 8
2.
LaTeX Font Info:    Overwriting symbol font `pureletters' in version `bold'
(Font)                  OT1/cmss/bx/it --> OT1/mathkerncmss/m/sl on input line 
82.
LaTeX Font Info:    Overwriting symbol font `pureletters' in version `bold'
(Font)                  OT1/mathkerncmss/m/sl --> OT1/mathkerncmss/bx/sl on inp
ut line 82.

(C:\Users\Matt\AppData\Roaming\MiKTeX\2.9\tex\latex\beamer\translator\dicts\tra
nslator-basic-dictionary\translator-basic-dictionary-English.dict
Dictionary: translator-basic-dictionary, Language: English 
)
(C:\Users\Matt\AppData\Roaming\MiKTeX\2.9\tex\latex\beamer\translator\dicts\tra
nslator-bibliography-dictionary\translator-bibliography-dictionary-English.dict
Dictionary: translator-bibliography-dictionary, Language: English 
)
(C:\Users\Matt\AppData\Roaming\MiKTeX\2.9\tex\latex\beamer\translator\dicts\tra
nslator-environment-dictionary\translator-environment-dictionary-English.dict
Dictionary: translator-environment-dictionary, Language: English 
)
(C:\Users\Matt\AppData\Roaming\MiKTeX\2.9\tex\latex\beamer\translator\dicts\tra
nslator-months-dictionary\translator-months-dictionary-English.dict
Dictionary: translator-months-dictionary, Language: English 
)
(C:\Users\Matt\AppData\Roaming\MiKTeX\2.9\tex\latex\beamer\translator\dicts\tra
nslator-numbers-dictionary\translator-numbers-dictionary-English.dict
Dictionary: translator-numbers-dictionary, Language: English 
)
(C:\Users\Matt\AppData\Roaming\MiKTeX\2.9\tex\latex\beamer\translator\dicts\tra
nslator-theorem-dictionary\translator-theorem-dictionary-English.dict
Dictionary: translator-theorem-dictionary, Language: English 
)
Package caption Info: Begin \AtBeginDocument code.
Package caption Info: subfig package v1.3 is loaded.
Package caption Info: End \AtBeginDocument code.

(sp2rc-seminar-slides.nav)
<media/logo-sheffield-2.png, id=76, 403.5075pt x 173.448pt>
File: media/logo-sheffield-2.png Graphic file (type png)

<use media/logo-sheffield-2.png>
Package pdftex.def Info: media/logo-sheffield-2.png used on input line 91.
(pdftex.def)             Requested size: 66.18797pt x 28.45274pt.

<media/sp2rc_logo2.png, id=78, 385.44pt x 379.016pt>
File: media/sp2rc_logo2.png Graphic file (type png)

<use media/sp2rc_logo2.png>
Package pdftex.def Info: media/sp2rc_logo2.png used on input line 91.
(pdftex.def)             Requested size: 34.7175pt x 34.14322pt.

Overfull \hbox (10.42558pt too wide) in paragraph at lines 91--91
 []| []| [] 
 []

<media/eclipse-corona-aug-2017.jpg, id=79, 240.9pt x 160.4394pt>
File: media/eclipse-corona-aug-2017.jpg Graphic file (type jpg)

<use media/eclipse-corona-aug-2017.jpg>
Package pdftex.def Info: media/eclipse-corona-aug-2017.jpg used on input line 9
1.
(pdftex.def)             Requested size: 364.19536pt x 242.57782pt.
 [1

 <./media/eclipse-corona-aug-2017.jpg> <./media/logo-sheffield-2.png> <./media/
sp2rc_logo2.png>]
(sp2rc-seminar-slides.toc) [2

] (sp2rc-seminar-slides.toc) [3

]
<media/helioseismology.png, id=139, 326.21875pt x 326.21875pt>
File: media/helioseismology.png Graphic file (type png)

<use media/helioseismology.png>
Package pdftex.def Info: media/helioseismology.png used on input line 137.
(pdftex.def)             Requested size: 92.18788pt x 92.18683pt.
LaTeX Font Info:    Try loading font information for U+msa on input line 137.

("C:\Program Files\MiKTeX 2.9\tex\latex\amsfonts\umsa.fd"
File: umsa.fd 2013/01/14 v3.01 AMS symbols A
)
LaTeX Font Info:    Try loading font information for U+msb on input line 137.

("C:\Program Files\MiKTeX 2.9\tex\latex\amsfonts\umsb.fd"
File: umsb.fd 2013/01/14 v3.01 AMS symbols B
)
LaTeX Font Info:    Try loading font information for OT1+mathkerncmss on input 
line 137.

(C:\Users\Matt\AppData\Roaming\MiKTeX\2.9\tex\latex\sansmathaccent\ot1mathkernc
mss.fd
File: ot1mathkerncmss.fd 2013/03/27 Fontinst v1.933 font definitions for OT1/ma
thkerncmss.
) <media/coronal_loop_oscillations.png, id=142, 1284.8pt x 740.7675pt>
File: media/coronal_loop_oscillations.png Graphic file (type png)

<use media/coronal_loop_oscillations.png>
Package pdftex.def Info: media/coronal_loop_oscillations.png used on input line
 137.
(pdftex.def)             Requested size: 1284.79688pt x 740.76569pt.
\g__file_internal_ior=\read2
<<VPlayer.swf>><<media/coronal_loop_oscillations.mp4>>
Overfull \vbox (2.11879pt too high) detected at line 137
 []

[4

 <./media/helioseismology.png> <./media/coronal_loop_oscillations.png (PNG copy
)>]
Overfull \hbox (5.6903pt too wide) in paragraph at lines 209--209
 [] 
 []

[5

]
Overfull \hbox (5.6903pt too wide) in paragraph at lines 209--209
 [] 
 []

[6

]
Overfull \hbox (5.6903pt too wide) in paragraph at lines 209--209
 [] 
 []

[7

]
Overfull \hbox (5.6903pt too wide) in paragraph at lines 209--209
 [] 
 []

[8

]
Overfull \hbox (5.6903pt too wide) in paragraph at lines 209--209
 [] 
 []

[9

]
Overfull \hbox (5.6903pt too wide) in paragraph at lines 209--209
 [] 
 []

[10

]
Overfull \hbox (5.6903pt too wide) in paragraph at lines 209--209
 [] 
 []

[11

]
Overfull \hbox (5.6903pt too wide) in paragraph at lines 209--209
 [] 
 []

[12

]
Overfull \hbox (5.6903pt too wide) in paragraph at lines 209--209
 [] 
 []

[13

]
Overfull \hbox (5.6903pt too wide) in paragraph at lines 209--209
 [] 
 []

[14

] [15

] [16

] [17

] [18

] [19

] [20

]pdfTeX warning (ext4): destination with the same identifier (name{current<1>})
 has been already used, duplicate ignored
<to be read again> 
                   \relax 
l.288 \end{frame}
                 pdfTeX warning (ext4): destination with the same identifier (n
ame{current}) has been already used, duplicate ignored
<to be read again> 
                   \relax 
l.288 \end{frame}
                 
Overfull \hbox (3.13477pt too wide) in paragraph at lines 288--288
[][]  
 []

[21

]pdfTeX warning (ext4): destination with the same identifier (name{current<2>})
 has been already used, duplicate ignored
<to be read again> 
                   \relax 
l.288 \end{frame}
                 
Overfull \hbox (3.13477pt too wide) in paragraph at lines 288--288
[][]  
 []

[22

]pdfTeX warning (ext4): destination with the same identifier (name{current<3>})
 has been already used, duplicate ignored
<to be read again> 
                   \relax 
l.288 \end{frame}
                 
Overfull \hbox (3.13477pt too wide) in paragraph at lines 288--288
[][]  
 []

[23

]pdfTeX warning (ext4): destination with the same identifier (name{current<4>})
 has been already used, duplicate ignored
<to be read again> 
                   \relax 
l.288 \end{frame}
                 
Overfull \hbox (3.13477pt too wide) in paragraph at lines 288--288
[][]  
 []

[24

]pdfTeX warning (ext4): destination with the same identifier (name{current<5>})
 has been already used, duplicate ignored
<to be read again> 
                   \relax 
l.288 \end{frame}
                 
Overfull \hbox (3.13477pt too wide) in paragraph at lines 288--288
[][]  
 []

[25

]pdfTeX warning (ext4): destination with the same identifier (name{current<6>})
 has been already used, duplicate ignored
<to be read again> 
                   \relax 
l.288 \end{frame}
                 
Overfull \hbox (3.13477pt too wide) in paragraph at lines 288--288
[][]  
 []

[26

]
Overfull \hbox (3.13477pt too wide) in paragraph at lines 288--288
[][]  
 []

[27

]
Overfull \hbox (3.13477pt too wide) in paragraph at lines 288--288
[][]  
 []

[28

]
Overfull \hbox (3.13477pt too wide) in paragraph at lines 288--288
[][]  
 []

[29

] (sp2rc-seminar-slides.toc) [30

]
<media/hinode-prominence.jpg, id=312, 1541.76pt x 782.925pt>
File: media/hinode-prominence.jpg Graphic file (type jpg)

<use media/hinode-prominence.jpg>
Package pdftex.def Info: media/hinode-prominence.jpg used on input line 307.
(pdftex.def)             Requested size: 252.12099pt x 128.0374pt.

<media/sunspot_lightbridge.png, id=313, 192.72pt x 125.0271pt>
File: media/sunspot_lightbridge.png Graphic file (type png)

<use media/sunspot_lightbridge.png>
Package pdftex.def Info: media/sunspot_lightbridge.png used on input line 307.
(pdftex.def)             Requested size: 153.50572pt x 99.58464pt.

<media/granules.jpg, id=314, 451.6875pt x 451.6875pt>
File: media/granules.jpg Graphic file (type jpg)
 <use media/granules.jpg>
Package pdftex.def Info: media/granules.jpg used on input line 307.
(pdftex.def)             Requested size: 99.5852pt x 99.58464pt.

Overfull \vbox (15.38483pt too high) detected at line 307
 []

[31

 <./media/hinode-prominence.jpg> <./media/sunspot_lightbridge.png> <./media/gra
nules.jpg>]
Overfull \hbox (3.55235pt too wide) in paragraph at lines 382--382
 [] 
 []

[32

] [33

]
Overfull \hbox (7.0339pt too wide) detected at line 458
\OT1/mathkerncmss/m/sl/10.95 v[]\OT1/cmss/m/n/10.95 (\OT1/cmss/bx/n/10.95 x\OML
/cmm/m/it/10.95 ; \OT1/mathkerncmss/m/sl/10.95 t\OT1/cmss/m/n/10.95 ) = [](\OT1
/mathkerncmss/m/sl/10.95 x\OT1/cmss/m/n/10.95 )\OT1/mathkerncmss/m/sl/10.95 e[]
\OML/cmm/m/it/10.95 ;  \OT1/mathkerncmss/m/sl/10.95 v[]\OT1/cmss/m/n/10.95 (\OT
1/cmss/bx/n/10.95 x\OML/cmm/m/it/10.95 ; \OT1/mathkerncmss/m/sl/10.95 t\OT1/cms
s/m/n/10.95 ) = 0\OML/cmm/m/it/10.95 ;  \OT1/mathkerncmss/m/sl/10.95 v[]\OT1/cm
ss/m/n/10.95 (\OT1/cmss/bx/n/10.95 x\OML/cmm/m/it/10.95 ; \OT1/mathkerncmss/m/s
l/10.95 t\OT1/cmss/m/n/10.95 ) = [](\OT1/mathkerncmss/m/sl/10.95 x\OT1/cmss/m/n
/10.95 )\OT1/mathkerncmss/m/sl/10.95 e[]\OML/cmm/m/it/10.95 ;
 []

[34

] [35

] <media/black_square.png, id=405, 1927.2pt x 1084.05pt>
File: media/black_square.png Graphic file (type png)

<use media/black_square.png>
Package pdftex.def Info: media/black_square.png used on input line 522.
(pdftex.def)             Requested size: 1927.19533pt x 1084.04736pt.
<<media/R1_2.0_slow-kink-surf_mag_front_video_overlay2_looped.mp4>>
Overfull \hbox (6.60503pt too wide) in paragraph at lines 522--522
 |  [][][][] 
 []

[36

 <./media/black_square.png>]
File: media/black_square.png Graphic file (type png)
 <use media/black_square.png>
Package pdftex.def Info: media/black_square.png used on input line 540.
(pdftex.def)             Requested size: 1927.19533pt x 1084.04736pt.
<<media/R1_1.9_slow-kink-surf_mag_front_video_overlay2_looped.mp4>>
Overfull \hbox (6.60503pt too wide) in paragraph at lines 540--540
 |  [][][][] 
 []

[37

]
File: media/black_square.png Graphic file (type png)
 <use media/black_square.png>
Package pdftex.def Info: media/black_square.png used on input line 558.
(pdftex.def)             Requested size: 1927.19533pt x 1084.04736pt.
<<media/R1_2.0_slow-saus-surf_mag_front_video_overlay2_looped.mp4>>
Overfull \hbox (6.60503pt too wide) in paragraph at lines 558--558
 |  [][][][] 
 []

[38

]
File: media/black_square.png Graphic file (type png)
 <use media/black_square.png>
Package pdftex.def Info: media/black_square.png used on input line 576.
(pdftex.def)             Requested size: 1927.19533pt x 1084.04736pt.
<<media/R1_1.9_slow-saus-surf_mag_front_video_overlay2_looped.mp4>>
Overfull \hbox (6.60503pt too wide) in paragraph at lines 576--576
 |  [][][][] 
 []

[39

]
File: media/black_square.png Graphic file (type png)
 <use media/black_square.png>
Package pdftex.def Info: media/black_square.png used on input line 656.
(pdftex.def)             Requested size: 1927.19533pt x 1084.04736pt.
<<media/R1_1.8_fast-kink-body-1_front_video_overlay2_looped.mp4>>
File: media/black_square.png Graphic file (type png)
 <use media/black_square.png>
Package pdftex.def Info: media/black_square.png used on input line 656.
(pdftex.def)             Requested size: 1927.19533pt x 1084.04736pt.
<<media/R1_1.8_fast-saus-body-1_front_video_overlay2_looped.mp4>>
File: media/black_square.png Graphic file (type png)
 <use media/black_square.png>
Package pdftex.def Info: media/black_square.png used on input line 656.
(pdftex.def)             Requested size: 1927.19533pt x 1084.04736pt.
<<media/R1_1.8_fast-kink-body-2_front_video_overlay2_looped.mp4>>
File: media/black_square.png Graphic file (type png)
 <use media/black_square.png>
Package pdftex.def Info: media/black_square.png used on input line 656.
(pdftex.def)             Requested size: 1927.19533pt x 1084.04736pt.
<<media/R1_1.8_fast-saus-body-2_front_video_overlay2_looped.mp4>> [40

]
<media/mor12.jpg, id=511, 929.4725pt x 892.33376pt>
File: media/mor12.jpg Graphic file (type jpg)
 <use media/mor12.jpg>
Package pdftex.def Info: media/mor12.jpg used on input line 703.
(pdftex.def)             Requested size: 148.1797pt x 142.26378pt.

[41

 <./media/mor12.jpg>]
File: media/mor12.jpg Graphic file (type jpg)
 <use media/mor12.jpg>
Package pdftex.def Info: media/mor12.jpg used on input line 703.
(pdftex.def)             Requested size: 148.1797pt x 142.26378pt.
 [42

] [43

] [44

] [45

]
Overfull \hbox (7.35736pt too wide) in paragraph at lines 812--812
[]|  [] 
 []

[46

] [47

] <media/RA_vA_approx_2var.png, id=557, 578.16pt x 433.62pt>
File: media/RA_vA_approx_2var.png Graphic file (type png)

<use media/RA_vA_approx_2var.png>
Package pdftex.def Info: media/RA_vA_approx_2var.png used on input line 812.
(pdftex.def)             Requested size: 227.62523pt x 170.71652pt.

Overfull \vbox (40.22325pt too high) detected at line 812
 []

[48

 <./media/RA_vA_approx_2var.png>] [49

] [50

] [51

] [52

]
Overfull \hbox (34.10767pt too wide) in paragraph at lines 1176--1176
[]|  [] 
 []

[53

] [54

] <media/DM_vA_approx_2var.png, id=596, 578.16pt x 433.62pt>
File: media/DM_vA_approx_2var.png Graphic file (type png)

<use media/DM_vA_approx_2var.png>
Package pdftex.def Info: media/DM_vA_approx_2var.png used on input line 1176.
(pdftex.def)             Requested size: 227.62523pt x 170.71652pt.

Overfull \vbox (40.22325pt too high) detected at line 1176
 []

[55

 <./media/DM_vA_approx_2var.png>] (sp2rc-seminar-slides.toc) [56

] [57

]
<media/mbptogether_invert.png, id=688, 2409.0pt x 1296.845pt>
File: media/mbptogether_invert.png Graphic file (type png)

<use media/mbptogether_invert.png>
Package pdftex.def Info: media/mbptogether_invert.png used on input line 1301.
(pdftex.def)             Requested size: 184.96793pt x 99.58464pt.
 [58

 <./media/mbptogether_invert.png>]
File: media/hinode-prominence.jpg Graphic file (type jpg)

<use media/hinode-prominence.jpg>
Package pdftex.def Info: media/hinode-prominence.jpg used on input line 1301.
(pdftex.def)             Requested size: 196.08365pt x 99.58464pt.
 [59

]
File: media/sunspot_lightbridge.png Graphic file (type png)
 <use media/sunspot_lightbridge.png>
Package pdftex.def Info: media/sunspot_lightbridge.png used on input line 1301.

(pdftex.def)             Requested size: 153.50572pt x 99.58464pt.

[60

] <media/twitter-icon.png, id=706, 256.96pt x 256.96pt>
File: media/twitter-icon.png Graphic file (type png)

<use media/twitter-icon.png>
Package pdftex.def Info: media/twitter-icon.png used on input line 1324.
(pdftex.def)             Requested size: 17.07155pt x 17.07182pt.
File: media/logo-sheffield-2.png Graphic file (type png)
 <use media/logo-sheffield-2.png>
Package pdftex.def Info: media/logo-sheffield-2.png used on input line 1324.
(pdftex.def)             Requested size: 99.28812pt x 42.67912pt.
File: media/sp2rc_logo2.png Graphic file (type png)

<use media/sp2rc_logo2.png>
Package pdftex.def Info: media/sp2rc_logo2.png used on input line 1324.
(pdftex.def)             Requested size: 46.29196pt x 45.52458pt.
 [61

 <./media/twitter-icon.png>]
\tf@nav=\write6
\openout6 = `sp2rc-seminar-slides.nav'.

\tf@toc=\write7
\openout7 = `sp2rc-seminar-slides.toc'.

\tf@snm=\write8
\openout8 = `sp2rc-seminar-slides.snm'.


*************************************************
* media9 warning: "rerun"
* 
* Rerun to get internal references right!
*************************************************
Package atveryend Info: Empty hook `BeforeClearDocument' on input line 1326.
Package atveryend Info: Empty hook `AfterLastShipout' on input line 1326.
(sp2rc-seminar-slides.aux
*************************************************
* pdfbase warning: "rerun"
* 
* Rerun to get internal references right!
*************************************************
)
Package atveryend Info: Executing hook `AtVeryEndDocument' on input line 1326.
Package atveryend Info: Executing hook `AtEndAfterFileList' on input line 1326.



Package rerunfilecheck Warning: File `sp2rc-seminar-slides.out' has changed.
(rerunfilecheck)                Rerun to get outlines right
(rerunfilecheck)                or use package `bookmark'.

Package rerunfilecheck Info: Checksums for `sp2rc-seminar-slides.out':
(rerunfilecheck)             Before: 405FE3F578FD1D36772D0AF3A382DCD9;653
(rerunfilecheck)             After:  858EBAD87E7FE40BDB9559DA17D4C5A3;653.

LaTeX Warning: There were multiply-defined labels.

 ) 
Here is how much of TeX's memory you used:
 33451 strings out of 493323
 698618 string characters out of 3139069
 804238 words of memory out of 3000000
 36223 multiletter control sequences out of 15000+200000
 557324 words of font info for 103 fonts, out of 3000000 for 9000
 1141 hyphenation exceptions out of 8191
 56i,22n,83p,10383b,912s stack positions out of 5000i,500n,10000p,200000b,50000s
pdfTeX warning (dest): name{Outline0.2.4.47} has been referenced but does not
 exist, replaced by a fixed one

pdfTeX warning (dest): name{Outline0.2.3.41} has been referenced but does not e
xist, replaced by a fixed one

pdfTeX warning (dest): name{Outline0.2.2.39} has been referenced but does not e
xist, replaced by a fixed one

 <C:\Users\Matt\AppData\Local\MiKTeX\2.9\fonts\pk\ljfour\jknappen\ec\dpi600\ecs
o1000.pk> <C:\Users\Matt\AppData\Local\MiKTeX\2.9\fonts\pk\ljfour\jknappen\ec\d
pi657\ecso1000.pk><C:/Program Files/MiKTeX 2.9/fonts/type1/public/amsfonts/cm/c
mex10.pfb><C:/Program Files/MiKTeX 2.9/fonts/type1/public/amsfonts/cmextra/cmex
7.pfb><C:/Program Files/MiKTeX 2.9/fonts/type1/public/amsfonts/cm/cmmi10.pfb><C
:/Program Files/MiKTeX 2.9/fonts/type1/public/amsfonts/cm/cmmi12.pfb><C:/Progra
m Files/MiKTeX 2.9/fonts/type1/public/amsfonts/cm/cmmi5.pfb><C:/Program Files/M
iKTeX 2.9/fonts/type1/public/amsfonts/cm/cmmi6.pfb><C:/Program Files/MiKTeX 2.9
/fonts/type1/public/amsfonts/cm/cmmi8.pfb><C:/Program Files/MiKTeX 2.9/fonts/ty
pe1/public/amsfonts/cm/cmr10.pfb><C:/Program Files/MiKTeX 2.9/fonts/type1/publi
c/amsfonts/cm/cmr5.pfb><C:/Program Files/MiKTeX 2.9/fonts/type1/public/amsfonts
/cm/cmr7.pfb><C:/Program Files/MiKTeX 2.9/fonts/type1/public/amsfonts/cm/cmr8.p
fb><C:/Program Files/MiKTeX 2.9/fonts/type1/public/amsfonts/cm/cmss10.pfb><C:/P
rogram Files/MiKTeX 2.9/fonts/type1/public/amsfonts/cm/cmss12.pfb><C:/Program F
iles/MiKTeX 2.9/fonts/type1/public/amsfonts/cm/cmss17.pfb><C:/Program Files/MiK
TeX 2.9/fonts/type1/public/amsfonts/cm/cmss8.pfb><C:/Program Files/MiKTeX 2.9/f
onts/type1/public/amsfonts/cm/cmss9.pfb><C:/Program Files/MiKTeX 2.9/fonts/type
1/public/amsfonts/cm/cmssbx10.pfb><C:/Program Files/MiKTeX 2.9/fonts/type1/publ
ic/amsfonts/cm/cmssi10.pfb><C:/Program Files/MiKTeX 2.9/fonts/type1/public/amsf
onts/cm/cmssi12.pfb><C:/Program Files/MiKTeX 2.9/fonts/type1/public/amsfonts/cm
/cmssi8.pfb><C:/Program Files/MiKTeX 2.9/fonts/type1/public/amsfonts/cm/cmssi9.
pfb><C:/Program Files/MiKTeX 2.9/fonts/type1/public/amsfonts/cm/cmsy10.pfb><C:/
Program Files/MiKTeX 2.9/fonts/type1/public/amsfonts/cm/cmsy5.pfb><C:/Program F
iles/MiKTeX 2.9/fonts/type1/public/amsfonts/cm/cmsy8.pfb>
Output written on sp2rc-seminar-slides.pdf (61 pages, 28608071 bytes).
PDF statistics:
 835 PDF objects out of 1000 (max. 8388607)
 146 named destinations out of 1000 (max. 500000)
 947 words of extra memory for PDF output out of 10000 (max. 10000000)

